0 info it worked if it ends with ok
1 verbose cli [ '/usr/local/bin/node',
1 verbose cli   '/usr/local/bin/npm',
1 verbose cli   'install',
1 verbose cli   'webpack-dev-server',
1 verbose cli   '-g' ]
2 info using npm@1.4.28
3 info using node@v0.10.35
4 verbose cache add [ 'webpack-dev-server', null ]
5 verbose cache add name=undefined spec="webpack-dev-server" args=["webpack-dev-server",null]
6 verbose parsed url { protocol: null,
6 verbose parsed url   slashes: null,
6 verbose parsed url   auth: null,
6 verbose parsed url   host: null,
6 verbose parsed url   port: null,
6 verbose parsed url   hostname: null,
6 verbose parsed url   hash: null,
6 verbose parsed url   search: null,
6 verbose parsed url   query: null,
6 verbose parsed url   pathname: 'webpack-dev-server',
6 verbose parsed url   path: 'webpack-dev-server',
6 verbose parsed url   href: 'webpack-dev-server' }
7 silly lockFile c567c02f-webpack-dev-server webpack-dev-server
8 verbose lock webpack-dev-server /home/jason/.npm/c567c02f-webpack-dev-server.lock
9 silly lockFile c567c02f-webpack-dev-server webpack-dev-server
10 silly lockFile c567c02f-webpack-dev-server webpack-dev-server
11 verbose addNamed [ 'webpack-dev-server', '' ]
12 verbose addNamed [ null, '*' ]
13 silly lockFile b579fb99-webpack-dev-server webpack-dev-server@
14 verbose lock webpack-dev-server@ /home/jason/.npm/b579fb99-webpack-dev-server.lock
15 silly addNameRange { name: 'webpack-dev-server', range: '*', hasData: false }
16 verbose registry.get https://registry.npmjs.org/webpack-dev-server not expired, no request
17 silly addNameRange number 2 { name: 'webpack-dev-server', range: '*', hasData: true }
18 silly addNameRange versions [ 'webpack-dev-server',
18 silly addNameRange   [ '0.6.0',
18 silly addNameRange     '0.6.1',
18 silly addNameRange     '0.6.2',
18 silly addNameRange     '0.7.0',
18 silly addNameRange     '0.7.1',
18 silly addNameRange     '0.7.2',
18 silly addNameRange     '0.8.0',
18 silly addNameRange     '0.8.1',
18 silly addNameRange     '0.8.2',
18 silly addNameRange     '0.9.0',
18 silly addNameRange     '0.9.1',
18 silly addNameRange     '0.9.2',
18 silly addNameRange     '0.9.3',
18 silly addNameRange     '0.9.4',
18 silly addNameRange     '0.10.0',
18 silly addNameRange     '0.10.1',
18 silly addNameRange     '0.11.0',
18 silly addNameRange     '0.11.1',
18 silly addNameRange     '1.0.0',
18 silly addNameRange     '1.0.1',
18 silly addNameRange     '1.0.2',
18 silly addNameRange     '1.1.0',
18 silly addNameRange     '1.2.0',
18 silly addNameRange     '1.2.1',
18 silly addNameRange     '1.2.2',
18 silly addNameRange     '1.2.3',
18 silly addNameRange     '1.2.4',
18 silly addNameRange     '1.2.5',
18 silly addNameRange     '1.2.6',
18 silly addNameRange     '1.2.7',
18 silly addNameRange     '1.2.8',
18 silly addNameRange     '1.2.9',
18 silly addNameRange     '1.3.0',
18 silly addNameRange     '1.3.1',
18 silly addNameRange     '1.3.2',
18 silly addNameRange     '1.4.0',
18 silly addNameRange     '1.4.1',
18 silly addNameRange     '1.4.2',
18 silly addNameRange     '1.4.3',
18 silly addNameRange     '1.4.4',
18 silly addNameRange     '1.4.5',
18 silly addNameRange     '1.4.6',
18 silly addNameRange     '1.4.7',
18 silly addNameRange     '1.4.9',
18 silly addNameRange     '1.4.10',
18 silly addNameRange     '1.5.0',
18 silly addNameRange     '1.6.0',
18 silly addNameRange     '1.6.1',
18 silly addNameRange     '1.6.2',
18 silly addNameRange     '1.6.3',
18 silly addNameRange     '1.6.4',
18 silly addNameRange     '1.6.5',
18 silly addNameRange     '1.6.6',
18 silly addNameRange     '1.7.0',
18 silly addNameRange     '1.8.0',
18 silly addNameRange     '1.8.1',
18 silly addNameRange     '1.8.2',
18 silly addNameRange     '1.9.0',
18 silly addNameRange     '1.10.0',
18 silly addNameRange     '1.10.1',
18 silly addNameRange     '1.11.0' ] ]
19 verbose addNamed [ 'webpack-dev-server', '1.11.0' ]
20 verbose addNamed [ '1.11.0', '1.11.0' ]
21 silly lockFile 1a1e52ab-webpack-dev-server-1-11-0 webpack-dev-server@1.11.0
22 verbose lock webpack-dev-server@1.11.0 /home/jason/.npm/1a1e52ab-webpack-dev-server-1-11-0.lock
23 silly lockFile 1a1e52ab-webpack-dev-server-1-11-0 webpack-dev-server@1.11.0
24 silly lockFile 1a1e52ab-webpack-dev-server-1-11-0 webpack-dev-server@1.11.0
25 silly lockFile b579fb99-webpack-dev-server webpack-dev-server@
26 silly lockFile b579fb99-webpack-dev-server webpack-dev-server@
27 silly resolved [ { name: 'webpack-dev-server',
27 silly resolved     version: '1.11.0',
27 silly resolved     author: { name: 'Tobias Koppers @sokra' },
27 silly resolved     description: 'Serves a webpack app. Updates the browser on changes.',
27 silly resolved     peerDependencies: { webpack: '^1.3.0' },
27 silly resolved     dependencies:
27 silly resolved      { 'connect-history-api-fallback': '1.1.0',
27 silly resolved        express: '^4.13.3',
27 silly resolved        'http-proxy': '^1.11.2',
27 silly resolved        optimist: '~0.6.0',
27 silly resolved        'serve-index': '^1.7.2',
27 silly resolved        'socket.io': '^1.3.6',
27 silly resolved        'socket.io-client': '^1.3.6',
27 silly resolved        'stream-cache': '~0.0.1',
27 silly resolved        'strip-ansi': '^3.0.0',
27 silly resolved        'supports-color': '^3.1.1',
27 silly resolved        'webpack-dev-middleware': '^1.2.0' },
27 silly resolved     devDependencies:
27 silly resolved      { 'css-loader': '~0.18.0',
27 silly resolved        'file-loader': '~0.8.4',
27 silly resolved        jade: '^1.11.0',
27 silly resolved        'jade-loader': '~0.7.1',
27 silly resolved        less: '^2.5.1',
27 silly resolved        'less-loader': '~2.2.0',
27 silly resolved        'style-loader': '~0.12.3',
27 silly resolved        'url-loader': '~0.5.6',
27 silly resolved        webpack: '^1.12.1' },
27 silly resolved     license: 'MIT',
27 silly resolved     repository:
27 silly resolved      { type: 'git',
27 silly resolved        url: 'git://github.com/webpack/webpack-dev-server.git' },
27 silly resolved     homepage: 'http://github.com/webpack/webpack-dev-server',
27 silly resolved     main: 'lib/Server.js',
27 silly resolved     bin: { 'webpack-dev-server': 'bin/webpack-dev-server.js' },
27 silly resolved     files: [ 'lib/', 'bin', 'client/', 'ssl/' ],
27 silly resolved     scripts: { prepublish: 'webpack ./client/live.js client/live.bundle.js --colors --config client/webpack.config.js -p && webpack ./client/index.js client/index.bundle.js --colors --config client/webpack.config.js -p' },
27 silly resolved     gitHead: '30d0cc9e7c3eb5485242867a49388b0b265f148d',
27 silly resolved     bugs: { url: 'https://github.com/webpack/webpack-dev-server/issues' },
27 silly resolved     _id: 'webpack-dev-server@1.11.0',
27 silly resolved     _shasum: 'f89a140686d83667935534fb1f757e7d6e8fd5e8',
27 silly resolved     _from: 'webpack-dev-server@',
27 silly resolved     _npmVersion: '2.10.1',
27 silly resolved     _nodeVersion: '0.12.4',
27 silly resolved     _npmUser: { name: 'sokra', email: 'tobias.koppers@googlemail.com' },
27 silly resolved     maintainers: [ [Object] ],
27 silly resolved     dist:
27 silly resolved      { shasum: 'f89a140686d83667935534fb1f757e7d6e8fd5e8',
27 silly resolved        tarball: 'http://registry.npmjs.org/webpack-dev-server/-/webpack-dev-server-1.11.0.tgz' },
27 silly resolved     directories: {},
27 silly resolved     _resolved: 'https://registry.npmjs.org/webpack-dev-server/-/webpack-dev-server-1.11.0.tgz',
27 silly resolved     readme: 'ERROR: No README data found!' } ]
28 info install webpack-dev-server@1.11.0 into /usr/local/lib
29 info installOne webpack-dev-server@1.11.0
30 verbose lib/node_modules/webpack-dev-server unbuild
31 verbose tar unpack /home/jason/.npm/webpack-dev-server/1.11.0/package.tgz
32 silly lockFile d5016488--node-modules-webpack-dev-server tar:///usr/local/lib/node_modules/webpack-dev-server
33 verbose lock tar:///usr/local/lib/node_modules/webpack-dev-server /home/jason/.npm/d5016488--node-modules-webpack-dev-server.lock
34 silly lockFile dbb7b005-ck-dev-server-1-11-0-package-tgz tar:///home/jason/.npm/webpack-dev-server/1.11.0/package.tgz
35 verbose lock tar:///home/jason/.npm/webpack-dev-server/1.11.0/package.tgz /home/jason/.npm/dbb7b005-ck-dev-server-1-11-0-package-tgz.lock
36 silly gunzTarPerm modes [ '775', '664' ]
37 error Error: EACCES, mkdir '/usr/local/lib/node_modules/webpack-dev-server'
37 error  { [Error: EACCES, mkdir '/usr/local/lib/node_modules/webpack-dev-server']
37 error   errno: 3,
37 error   code: 'EACCES',
37 error   path: '/usr/local/lib/node_modules/webpack-dev-server',
37 error   fstream_type: 'Directory',
37 error   fstream_path: '/usr/local/lib/node_modules/webpack-dev-server',
37 error   fstream_class: 'DirWriter',
37 error   fstream_stack:
37 error    [ '/usr/local/lib/node_modules/npm/node_modules/fstream/lib/dir-writer.js:36:23',
37 error      '/usr/local/lib/node_modules/npm/node_modules/mkdirp/index.js:46:53',
37 error      'Object.oncomplete (fs.js:108:15)' ] }
38 error Please try running this command again as root/Administrator.
39 error System Linux 3.13.0-45-generic
40 error command "/usr/local/bin/node" "/usr/local/bin/npm" "install" "webpack-dev-server" "-g"
41 error cwd /home/jason/Projects/TmpPresentation/web
42 error node -v v0.10.35
43 error npm -v 1.4.28
44 error path /usr/local/lib/node_modules/webpack-dev-server
45 error fstream_path /usr/local/lib/node_modules/webpack-dev-server
46 error fstream_type Directory
47 error fstream_class DirWriter
48 error code EACCES
49 error errno 3
50 error stack Error: EACCES, mkdir '/usr/local/lib/node_modules/webpack-dev-server'
51 error fstream_stack /usr/local/lib/node_modules/npm/node_modules/fstream/lib/dir-writer.js:36:23
51 error fstream_stack /usr/local/lib/node_modules/npm/node_modules/mkdirp/index.js:46:53
51 error fstream_stack Object.oncomplete (fs.js:108:15)
52 verbose exit [ 3, true ]
